# JRE version: OpenJDK Runtime Environment (8.0_152-b06) (build 1.8.0_152-release-1136-b06)
# Java VM: OpenJDK 64-Bit Server VM (25.152-b06 mixed mode linux-amd64 compressed oops)
Heap:
 PSYoungGen      total 460800K, used 214855K [0x00000000e0000000, 0x00000000ff900000, 0x0000000100000000)
  eden space 410624K, 46% used [0x00000000e0000000,0x00000000eb9f0280,0x00000000f9100000)
  from space 50176K, 48% used [0x00000000fc800000,0x00000000fdfe1c08,0x00000000ff900000)
  to   space 53248K, 0% used [0x00000000f9100000,0x00000000f9100000,0x00000000fc500000)
 ParOldGen       total 305152K, used 109765K [0x00000000a0000000, 0x00000000b2a00000, 0x00000000e0000000)
  object space 305152K, 35% used [0x00000000a0000000,0x00000000a6b31400,0x00000000b2a00000)
 Metaspace       used 95380K, capacity 101458K, committed 101760K, reserved 1138688K
  class space    used 11732K, capacity 12816K, committed 12928K, reserved 1048576K
GC Heap History (10 events):
Event: 4275.132 GC heap before
{Heap before GC invocations=35 (full 5):
 PSYoungGen      total 496128K, used 467968K [0x00000000e0000000, 0x0000000100000000, 0x0000000100000000)
  eden space 467968K, 100% used [0x00000000e0000000,0x00000000fc900000,0x00000000fc900000)
  from space 28160K, 0% used [0x00000000fc900000,0x00000000fc900000,0x00000000fe480000)
  to   space 28160K, 0% used [0x00000000fe480000,0x00000000fe480000,0x0000000100000000)
 ParOldGen       total 305152K, used 109733K [0x00000000a0000000, 0x00000000b2a00000, 0x00000000e0000000)
  object space 305152K, 35% used [0x00000000a0000000,0x00000000a6b29400,0x00000000b2a00000)
 Metaspace       used 89272K, capacity 93442K, committed 98348K, reserved 1134592K
  class space    used 11043K, capacity 11810K, committed 12544K, reserved 1048576K
Event: 4275.158 GC heap after
Heap after GC invocations=35 (full 5):
 PSYoungGen      total 427520K, used 10929K [0x00000000e0000000, 0x0000000100000000, 0x0000000100000000)
  eden space 399360K, 0% used [0x00000000e0000000,0x00000000e0000000,0x00000000f8600000)
  from space 28160K, 38% used [0x00000000fe480000,0x00000000fef2c688,0x0000000100000000)
  to   space 62464K, 0% used [0x00000000f8600000,0x00000000f8600000,0x00000000fc300000)
 ParOldGen       total 305152K, used 109741K [0x00000000a0000000, 0x00000000b2a00000, 0x00000000e0000000)
  object space 305152K, 35% used [0x00000000a0000000,0x00000000a6b2b400,0x00000000b2a00000)
 Metaspace       used 89272K, capacity 93442K, committed 98348K, reserved 1134592K
  class space    used 11043K, capacity 11810K, committed 12544K, reserved 1048576K
}
Event: 4360.235 GC heap before
{Heap before GC invocations=36 (full 5):
 PSYoungGen      total 427520K, used 410289K [0x00000000e0000000, 0x0000000100000000, 0x0000000100000000)
  eden space 399360K, 100% used [0x00000000e0000000,0x00000000f8600000,0x00000000f8600000)
  from space 28160K, 38% used [0x00000000fe480000,0x00000000fef2c688,0x0000000100000000)
  to   space 62464K, 0% used [0x00000000f8600000,0x00000000f8600000,0x00000000fc300000)
 ParOldGen       total 305152K, used 109741K [0x00000000a0000000, 0x00000000b2a00000, 0x00000000e0000000)
  object space 305152K, 35% used [0x00000000a0000000,0x00000000a6b2b400,0x00000000b2a00000)
 Metaspace       used 91149K, capacity 96484K, committed 99456K, reserved 1136640K
  class space    used 11305K, capacity 12243K, committed 12672K, reserved 1048576K
Event: 4360.250 GC heap after
Heap after GC invocations=36 (full 5):
 PSYoungGen      total 461824K, used 8413K [0x00000000e0000000, 0x0000000100000000, 0x0000000100000000)
  eden space 399360K, 0% used [0x00000000e0000000,0x00000000e0000000,0x00000000f8600000)
  from space 62464K, 13% used [0x00000000f8600000,0x00000000f8e37728,0x00000000fc300000)
  to   space 60416K, 0% used [0x00000000fc500000,0x00000000fc500000,0x0000000100000000)
 ParOldGen       total 305152K, used 109749K [0x00000000a0000000, 0x00000000b2a00000, 0x00000000e0000000)
  object space 305152K, 35% used [0x00000000a0000000,0x00000000a6b2d400,0x00000000b2a00000)
 Metaspace       used 91149K, capacity 96484K, committed 99456K, reserved 1136640K
  class space    used 11305K, capacity 12243K, committed 12672K, reserved 1048576K
}
Event: 4394.830 GC heap before
{Heap before GC invocations=37 (full 5):
 PSYoungGen      total 461824K, used 407773K [0x00000000e0000000, 0x0000000100000000, 0x0000000100000000)
  eden space 399360K, 100% used [0x00000000e0000000,0x00000000f8600000,0x00000000f8600000)
  from space 62464K, 13% used [0x00000000f8600000,0x00000000f8e37728,0x00000000fc300000)
  to   space 60416K, 0% used [0x00000000fc500000,0x00000000fc500000,0x0000000100000000)
 ParOldGen       total 305152K, used 109749K [0x00000000a0000000, 0x00000000b2a00000, 0x00000000e0000000)
  object space 305152K, 35% used [0x00000000a0000000,0x00000000a6b2d400,0x00000000b2a00000)
 Metaspace       used 92399K, capacity 98208K, committed 100096K, reserved 1136640K
  class space    used 11449K, capacity 12455K, committed 12800K, reserved 1048576K
Event: 4394.863 GC heap after
Heap after GC invocations=37 (full 5):
 PSYoungGen      total 455680K, used 10147K [0x00000000e0000000, 0x00000000ffa00000, 0x0000000100000000)
  eden space 401408K, 0% used [0x00000000e0000000,0x00000000e0000000,0x00000000f8800000)
  from space 54272K, 18% used [0x00000000fc500000,0x00000000fcee8f18,0x00000000ffa00000)
  to   space 58368K, 0% used [0x00000000f8800000,0x00000000f8800000,0x00000000fc100000)
 ParOldGen       total 305152K, used 109757K [0x00000000a0000000, 0x00000000b2a00000, 0x00000000e0000000)
  object space 305152K, 35% used [0x00000000a0000000,0x00000000a6b2f400,0x00000000b2a00000)
 Metaspace       used 92399K, capacity 98208K, committed 100096K, reserved 1136640K
  class space    used 11449K, capacity 12455K, committed 12800K, reserved 1048576K
}
Event: 4467.467 GC heap before
{Heap before GC invocations=38 (full 5):
 PSYoungGen      total 455680K, used 410092K [0x00000000e0000000, 0x00000000ffa00000, 0x0000000100000000)
  eden space 401408K, 99% used [0x00000000e0000000,0x00000000f8692228,0x00000000f8800000)
  from space 54272K, 18% used [0x00000000fc500000,0x00000000fcee8f18,0x00000000ffa00000)
  to   space 58368K, 0% used [0x00000000f8800000,0x00000000f8800000,0x00000000fc100000)
 ParOldGen       total 305152K, used 109757K [0x00000000a0000000, 0x00000000b2a00000, 0x00000000e0000000)
  object space 305152K, 35% used [0x00000000a0000000,0x00000000a6b2f400,0x00000000b2a00000)
 Metaspace       used 93637K, capacity 99616K, committed 100480K, reserved 1136640K
  class space    used 11575K, capacity 12647K, committed 12928K, reserved 1048576K
Event: 4467.487 GC heap after
Heap after GC invocations=38 (full 5):
 PSYoungGen      total 459776K, used 16754K [0x00000000e0000000, 0x00000000ffe00000, 0x0000000100000000)
  eden space 401408K, 0% used [0x00000000e0000000,0x00000000e0000000,0x00000000f8800000)
  from space 58368K, 28% used [0x00000000f8800000,0x00000000f985cb40,0x00000000fc100000)
  to   space 55296K, 0% used [0x00000000fc800000,0x00000000fc800000,0x00000000ffe00000)
 ParOldGen       total 305152K, used 109765K [0x00000000a0000000, 0x00000000b2a00000, 0x00000000e0000000)
  object space 305152K, 35% used [0x00000000a0000000,0x00000000a6b31400,0x00000000b2a00000)
 Metaspace       used 93637K, capacity 99616K, committed 100480K, reserved 1136640K
  class space    used 11575K, capacity 12647K, committed 12928K, reserved 1048576K
}
Event: 4582.520 GC heap before
{Heap before GC invocations=39 (full 5):
 PSYoungGen      total 459776K, used 418121K [0x00000000e0000000, 0x00000000ffe00000, 0x0000000100000000)
  eden space 401408K, 99% used [0x00000000e0000000,0x00000000f87f5bd0,0x00000000f8800000)
  from space 58368K, 28% used [0x00000000f8800000,0x00000000f985cb40,0x00000000fc100000)
  to   space 55296K, 0% used [0x00000000fc800000,0x00000000fc800000,0x00000000ffe00000)
 ParOldGen       total 305152K, used 109765K [0x00000000a0000000, 0x00000000b2a00000, 0x00000000e0000000)
  object space 305152K, 35% used [0x00000000a0000000,0x00000000a6b31400,0x00000000b2a00000)
 Metaspace       used 94592K, capacity 100562K, committed 100992K, reserved 1136640K
  class space    used 11660K, capacity 12752K, committed 12928K, reserved 1048576K
Event: 4582.540 GC heap after
Heap after GC invocations=39 (full 5):
 PSYoungGen      total 460800K, used 24455K [0x00000000e0000000, 0x00000000ff900000, 0x0000000100000000)
  eden space 410624K, 0% used [0x00000000e0000000,0x00000000e0000000,0x00000000f9100000)
  from space 50176K, 48% used [0x00000000fc800000,0x00000000fdfe1c08,0x00000000ff900000)
  to   space 53248K, 0% used [0x00000000f9100000,0x00000000f9100000,0x00000000fc500000)
 ParOldGen       total 305152K, used 109765K [0x00000000a0000000, 0x00000000b2a00000, 0x00000000e0000000)
  object space 305152K, 35% used [0x00000000a0000000,0x00000000a6b31400,0x00000000b2a00000)
 Metaspace       used 94592K, capacity 100562K, committed 100992K, reserved 1136640K
  class space    used 11660K, capacity 12752K, committed 12928K, reserved 1048576K
}

